# JRE version: Java(TM) SE Runtime Environment (8.0_05-b13) (build 1.8.0_05-b13)
# Java VM: Java HotSpot(TM) 64-Bit Server VM (25.5-b02 mixed mode windows-amd64 compressed oops)
Heap:
 PSYoungGen      total 33792K, used 416K [0x00000000eb300000, 0x00000000ed780000, 0x0000000100000000)
  eden space 30208K, 0% used [0x00000000eb300000,0x00000000eb300000,0x00000000ed080000)
  from space 3584K, 11% used [0x00000000ed080000,0x00000000ed0e8000,0x00000000ed400000)
  to   space 3584K, 0% used [0x00000000ed400000,0x00000000ed400000,0x00000000ed780000)
 ParOldGen       total 64000K, used 21292K [0x00000000c1800000, 0x00000000c5680000, 0x00000000eb300000)
  object space 64000K, 33% used [0x00000000c1800000,0x00000000c2ccb270,0x00000000c5680000)
 Metaspace       used 20626K, capacity 20970K, committed 21120K, reserved 1071104K
  class space    used 2534K, capacity 2671K, committed 2688K, reserved 1048576K
GC Heap History (10 events):
Event: 8.975 GC heap before
{Heap before GC invocations=18 (full 0):
 PSYoungGen      total 17920K, used 17919K [0x00000000eb300000, 0x00000000ece00000, 0x0000000100000000)
  eden space 15872K, 100% used [0x00000000eb300000,0x00000000ec280000,0x00000000ec280000)
  from space 2048K, 99% used [0x00000000ec280000,0x00000000ec47fe98,0x00000000ec480000)
  to   space 2560K, 0% used [0x00000000ecb80000,0x00000000ecb80000,0x00000000ece00000)
 ParOldGen       total 64000K, used 4402K [0x00000000c1800000, 0x00000000c5680000, 0x00000000eb300000)
  object space 64000K, 6% used [0x00000000c1800000,0x00000000c1c4ca58,0x00000000c5680000)
 Metaspace       used 13934K, capacity 14230K, committed 14464K, reserved 1062912K
  class space    used 1757K, capacity 1875K, committed 1920K, reserved 1048576K
Event: 8.999 GC heap after
Heap after GC invocations=18 (full 0):
 PSYoungGen      total 24064K, used 2532K [0x00000000eb300000, 0x00000000ed000000, 0x0000000100000000)
  eden space 21504K, 0% used [0x00000000eb300000,0x00000000eb300000,0x00000000ec800000)
  from space 2560K, 98% used [0x00000000ecb80000,0x00000000ecdf93a8,0x00000000ece00000)
  to   space 3584K, 0% used [0x00000000ec800000,0x00000000ec800000,0x00000000ecb80000)
 ParOldGen       total 64000K, used 5536K [0x00000000c1800000, 0x00000000c5680000, 0x00000000eb300000)
  object space 64000K, 8% used [0x00000000c1800000,0x00000000c1d68178,0x00000000c5680000)
 Metaspace       used 13934K, capacity 14230K, committed 14464K, reserved 1062912K
  class space    used 1757K, capacity 1875K, committed 1920K, reserved 1048576K
}
Event: 12.882 GC heap before
{Heap before GC invocations=19 (full 0):
 PSYoungGen      total 24064K, used 24036K [0x00000000eb300000, 0x00000000ed000000, 0x0000000100000000)
  eden space 21504K, 100% used [0x00000000eb300000,0x00000000ec800000,0x00000000ec800000)
  from space 2560K, 98% used [0x00000000ecb80000,0x00000000ecdf93a8,0x00000000ece00000)
  to   space 3584K, 0% used [0x00000000ec800000,0x00000000ec800000,0x00000000ecb80000)
 ParOldGen       total 64000K, used 5536K [0x00000000c1800000, 0x00000000c5680000, 0x00000000eb300000)
  object space 64000K, 8% used [0x00000000c1800000,0x00000000c1d68178,0x00000000c5680000)
 Metaspace       used 14495K, capacity 14854K, committed 15104K, reserved 1062912K
  class space    used 1813K, capacity 1951K, committed 2048K, reserved 1048576K
Event: 12.899 GC heap after
Heap after GC invocations=19 (full 0):
 PSYoungGen      total 25088K, used 1784K [0x00000000eb300000, 0x00000000ed780000, 0x0000000100000000)
  eden space 21504K, 0% used [0x00000000eb300000,0x00000000eb300000,0x00000000ec800000)
  from space 3584K, 49% used [0x00000000ec800000,0x00000000ec9be200,0x00000000ecb80000)
  to   space 3584K, 0% used [0x00000000ed400000,0x00000000ed400000,0x00000000ed780000)
 ParOldGen       total 64000K, used 6696K [0x00000000c1800000, 0x00000000c5680000, 0x00000000eb300000)
  object space 64000K, 10% used [0x00000000c1800000,0x00000000c1e8a178,0x00000000c5680000)
 Metaspace       used 14495K, capacity 14854K, committed 15104K, reserved 1062912K
  class space    used 1813K, capacity 1951K, committed 2048K, reserved 1048576K
}
Event: 14.726 GC heap before
{Heap before GC invocations=20 (full 0):
 PSYoungGen      total 25088K, used 23288K [0x00000000eb300000, 0x00000000ed780000, 0x0000000100000000)
  eden space 21504K, 100% used [0x00000000eb300000,0x00000000ec800000,0x00000000ec800000)
  from space 3584K, 49% used [0x00000000ec800000,0x00000000ec9be200,0x00000000ecb80000)
  to   space 3584K, 0% used [0x00000000ed400000,0x00000000ed400000,0x00000000ed780000)
 ParOldGen       total 64000K, used 6696K [0x00000000c1800000, 0x00000000c5680000, 0x00000000eb300000)
  object space 64000K, 10% used [0x00000000c1800000,0x00000000c1e8a178,0x00000000c5680000)
 Metaspace       used 14953K, capacity 15270K, committed 15616K, reserved 1062912K
  class space    used 1864K, capacity 1983K, committed 2048K, reserved 1048576K
Event: 14.739 GC heap after
Heap after GC invocations=20 (full 0):
 PSYoungGen      total 33792K, used 1472K [0x00000000eb300000, 0x00000000ed780000, 0x0000000100000000)
  eden space 30208K, 0% used [0x00000000eb300000,0x00000000eb300000,0x00000000ed080000)
  from space 3584K, 41% used [0x00000000ed400000,0x00000000ed570000,0x00000000ed780000)
  to   space 3584K, 0% used [0x00000000ed080000,0x00000000ed080000,0x00000000ed400000)
 ParOldGen       total 64000K, used 7872K [0x00000000c1800000, 0x00000000c5680000, 0x00000000eb300000)
  object space 64000K, 12% used [0x00000000c1800000,0x00000000c1fb0178,0x00000000c5680000)
 Metaspace       used 14953K, capacity 15270K, committed 15616K, reserved 1062912K
  class space    used 1864K, capacity 1983K, committed 2048K, reserved 1048576K
}
Event: 20.245 GC heap before
{Heap before GC invocations=21 (full 0):
 PSYoungGen      total 33792K, used 31680K [0x00000000eb300000, 0x00000000ed780000, 0x0000000100000000)
  eden space 30208K, 100% used [0x00000000eb300000,0x00000000ed080000,0x00000000ed080000)
  from space 3584K, 41% used [0x00000000ed400000,0x00000000ed570000,0x00000000ed780000)
  to   space 3584K, 0% used [0x00000000ed080000,0x00000000ed080000,0x00000000ed400000)
 ParOldGen       total 64000K, used 7872K [0x00000000c1800000, 0x00000000c5680000, 0x00000000eb300000)
  object space 64000K, 12% used [0x00000000c1800000,0x00000000c1fb0178,0x00000000c5680000)
 Metaspace       used 19404K, capacity 19786K, committed 20096K, reserved 1067008K
  class space    used 2424K, capacity 2575K, committed 2688K, reserved 1048576K
Event: 20.297 GC heap after
Heap after GC invocations=21 (full 0):
 PSYoungGen      total 33792K, used 3581K [0x00000000eb300000, 0x00000000ed780000, 0x0000000100000000)
  eden space 30208K, 0% used [0x00000000eb300000,0x00000000eb300000,0x00000000ed080000)
  from space 3584K, 99% used [0x00000000ed080000,0x00000000ed3ff718,0x00000000ed400000)
  to   space 3584K, 0% used [0x00000000ed400000,0x00000000ed400000,0x00000000ed780000)
 ParOldGen       total 64000K, used 12416K [0x00000000c1800000, 0x00000000c5680000, 0x00000000eb300000)
  object space 64000K, 19% used [0x00000000c1800000,0x00000000c2420180,0x00000000c5680000)
 Metaspace       used 19404K, capacity 19786K, committed 20096K, reserved 1067008K
  class space    used 2424K, capacity 2575K, committed 2688K, reserved 1048576K
}
Event: 24.162 GC heap before
{Heap before GC invocations=22 (full 0):
 PSYoungGen      total 33792K, used 33789K [0x00000000eb300000, 0x00000000ed780000, 0x0000000100000000)
  eden space 30208K, 100% used [0x00000000eb300000,0x00000000ed080000,0x00000000ed080000)
  from space 3584K, 99% used [0x00000000ed080000,0x00000000ed3ff718,0x00000000ed400000)
  to   space 3584K, 0% used [0x00000000ed400000,0x00000000ed400000,0x00000000ed780000)
 ParOldGen       total 64000K, used 12416K [0x00000000c1800000, 0x00000000c5680000, 0x00000000eb300000)
  object space 64000K, 19% used [0x00000000c1800000,0x00000000c2420180,0x00000000c5680000)
 Metaspace       used 20549K, capacity 20970K, committed 21120K, reserved 1067008K
  class space    used 2529K, capacity 2671K, committed 2688K, reserved 1048576K
Event: 24.207 GC heap after
Heap after GC invocations=22 (full 0):
 PSYoungGen      total 33792K, used 3571K [0x00000000eb300000, 0x00000000ed780000, 0x0000000100000000)
  eden space 30208K, 0% used [0x00000000eb300000,0x00000000eb300000,0x00000000ed080000)
  from space 3584K, 99% used [0x00000000ed400000,0x00000000ed77cc70,0x00000000ed780000)
  to   space 3584K, 0% used [0x00000000ed080000,0x00000000ed080000,0x00000000ed400000)
 ParOldGen       total 64000K, used 17692K [0x00000000c1800000, 0x00000000c5680000, 0x00000000eb300000)
  object space 64000K, 27% used [0x00000000c1800000,0x00000000c2947310,0x00000000c5680000)
 Metaspace       used 20549K, capacity 20970K, committed 21120K, reserved 1067008K
  class space    used 2529K, capacity 2671K, committed 2688K, reserved 1048576K
}

